============================================================
  benchmark_all.py
  Device : cuda
  GPU    : NVIDIA A40
============================================================

▶ Starting Task 1: CIFAR-10


── Seed 0 ─────────────────────────────────
Files already downloaded and verified
Files already downloaded and verified
/tmp/ipykernel_2870/2046179170.py:256: FutureWarning: `torch.cuda.amp.GradScaler(args...)` is deprecated. Please use `torch.amp.GradScaler('cuda', args...)` instead.
  scaler = GradScaler(enabled=(DEVICE.type == "cuda"))
/tmp/ipykernel_2870/2046179170.py:268: FutureWarning: `torch.cuda.amp.autocast(args...)` is deprecated. Please use `torch.amp.autocast('cuda', args...)` instead.
  with autocast(enabled=(DEVICE.type == "cuda")):
/tmp/ipykernel_2870/2046179170.py:285: FutureWarning: `torch.cuda.amp.autocast(args...)` is deprecated. Please use `torch.amp.autocast('cuda', args...)` instead.
  with autocast(enabled=(DEVICE.type == "cuda")):
  [CIFAR-10][Adam] seed=0 ep=01/15  train_loss=1.4705  val_loss=1.2508  val_acc=56.46%
  [CIFAR-10][Adam] seed=0 ep=02/15  train_loss=1.0017  val_loss=1.1031  val_acc=62.52%
  [CIFAR-10][Adam] seed=0 ep=03/15  train_loss=0.7935  val_loss=0.9419  val_acc=67.26%
  [CIFAR-10][Adam] seed=0 ep=04/15  train_loss=0.6523  val_loss=0.5941  val_acc=79.77%
  [CIFAR-10][Adam] seed=0 ep=05/15  train_loss=0.5529  val_loss=0.6533  val_acc=78.86%
  [CIFAR-10][Adam] seed=0 ep=06/15  train_loss=0.4790  val_loss=0.5069  val_acc=83.09%
  [CIFAR-10][Adam] seed=0 ep=07/15  train_loss=0.4110  val_loss=0.5183  val_acc=83.17%
  [CIFAR-10][Adam] seed=0 ep=08/15  train_loss=0.3568  val_loss=0.4423  val_acc=85.21%
  [CIFAR-10][Adam] seed=0 ep=09/15  train_loss=0.3099  val_loss=0.3995  val_acc=87.28%
  [CIFAR-10][Adam] seed=0 ep=10/15  train_loss=0.2687  val_loss=0.3657  val_acc=87.91%
  [CIFAR-10][Adam] seed=0 ep=11/15  train_loss=0.2287  val_loss=0.3610  val_acc=88.35%
  [CIFAR-10][Adam] seed=0 ep=12/15  train_loss=0.1977  val_loss=0.3483  val_acc=89.26%
  [CIFAR-10][Adam] seed=0 ep=13/15  train_loss=0.1749  val_loss=0.3255  val_acc=90.15%
  [CIFAR-10][Adam] seed=0 ep=14/15  train_loss=0.1572  val_loss=0.3239  val_acc=90.17%
  [CIFAR-10][Adam] seed=0 ep=15/15  train_loss=0.1434  val_loss=0.3202  val_acc=90.10%
Files already downloaded and verified
Files already downloaded and verified
  [CIFAR-10][AdamW] seed=0 ep=01/15  train_loss=1.4766  val_loss=1.2754  val_acc=54.77%
  [CIFAR-10][AdamW] seed=0 ep=02/15  train_loss=1.0093  val_loss=1.2240  val_acc=60.52%
  [CIFAR-10][AdamW] seed=0 ep=03/15  train_loss=0.8120  val_loss=0.8128  val_acc=71.25%
  [CIFAR-10][AdamW] seed=0 ep=04/15  train_loss=0.6658  val_loss=0.6305  val_acc=78.49%
  [CIFAR-10][AdamW] seed=0 ep=05/15  train_loss=0.5596  val_loss=0.7429  val_acc=77.07%
  [CIFAR-10][AdamW] seed=0 ep=06/15  train_loss=0.4817  val_loss=0.4955  val_acc=83.07%
  [CIFAR-10][AdamW] seed=0 ep=07/15  train_loss=0.4160  val_loss=0.5612  val_acc=81.64%
  [CIFAR-10][AdamW] seed=0 ep=08/15  train_loss=0.3618  val_loss=0.4474  val_acc=85.37%
  [CIFAR-10][AdamW] seed=0 ep=09/15  train_loss=0.3137  val_loss=0.4308  val_acc=86.22%
  [CIFAR-10][AdamW] seed=0 ep=10/15  train_loss=0.2729  val_loss=0.3624  val_acc=88.32%
  [CIFAR-10][AdamW] seed=0 ep=11/15  train_loss=0.2327  val_loss=0.3777  val_acc=88.16%
  [CIFAR-10][AdamW] seed=0 ep=12/15  train_loss=0.2001  val_loss=0.3514  val_acc=89.29%
  [CIFAR-10][AdamW] seed=0 ep=13/15  train_loss=0.1771  val_loss=0.3197  val_acc=90.17%
  [CIFAR-10][AdamW] seed=0 ep=14/15  train_loss=0.1594  val_loss=0.3173  val_acc=90.34%
  [CIFAR-10][AdamW] seed=0 ep=15/15  train_loss=0.1472  val_loss=0.3142  val_acc=90.31%
Files already downloaded and verified
Files already downloaded and verified
  [CIFAR-10][PsiLogic] seed=0 ep=01/15  train_loss=1.4864  val_loss=1.1648  val_acc=59.22%
  [CIFAR-10][PsiLogic] seed=0 ep=02/15  train_loss=0.9828  val_loss=0.9348  val_acc=67.91%
  [CIFAR-10][PsiLogic] seed=0 ep=03/15  train_loss=0.7629  val_loss=0.6705  val_acc=76.70%
  [CIFAR-10][PsiLogic] seed=0 ep=04/15  train_loss=0.6302  val_loss=0.6443  val_acc=78.78%
  [CIFAR-10][PsiLogic] seed=0 ep=05/15  train_loss=0.5377  val_loss=0.5448  val_acc=81.91%
  [CIFAR-10][PsiLogic] seed=0 ep=06/15  train_loss=0.4700  val_loss=0.4898  val_acc=83.31%
  [CIFAR-10][PsiLogic] seed=0 ep=07/15  train_loss=0.4053  val_loss=0.4204  val_acc=85.94%
  [CIFAR-10][PsiLogic] seed=0 ep=08/15  train_loss=0.3545  val_loss=0.4146  val_acc=86.16%
  [CIFAR-10][PsiLogic] seed=0 ep=09/15  train_loss=0.3082  val_loss=0.3784  val_acc=87.42%
  [CIFAR-10][PsiLogic] seed=0 ep=10/15  train_loss=0.2715  val_loss=0.3508  val_acc=88.40%
  [CIFAR-10][PsiLogic] seed=0 ep=11/15  train_loss=0.2308  val_loss=0.3420  val_acc=89.04%
  [CIFAR-10][PsiLogic] seed=0 ep=12/15  train_loss=0.1975  val_loss=0.3318  val_acc=89.85%
  [CIFAR-10][PsiLogic] seed=0 ep=13/15  train_loss=0.1757  val_loss=0.3164  val_acc=90.34%
  [CIFAR-10][PsiLogic] seed=0 ep=14/15  train_loss=0.1586  val_loss=0.3139  val_acc=90.60%
  [CIFAR-10][PsiLogic] seed=0 ep=15/15  train_loss=0.1440  val_loss=0.3126  val_acc=90.59%

── Seed 1 ─────────────────────────────────
Files already downloaded and verified
Files already downloaded and verified
  [CIFAR-10][Adam] seed=1 ep=01/15  train_loss=1.4599  val_loss=1.3136  val_acc=53.95%
  [CIFAR-10][Adam] seed=1 ep=02/15  train_loss=0.9669  val_loss=0.8831  val_acc=69.07%
  [CIFAR-10][Adam] seed=1 ep=03/15  train_loss=0.7509  val_loss=0.7364  val_acc=75.14%
  [CIFAR-10][Adam] seed=1 ep=04/15  train_loss=0.6137  val_loss=0.5901  val_acc=79.49%
  [CIFAR-10][Adam] seed=1 ep=05/15  train_loss=0.5256  val_loss=0.5950  val_acc=80.12%
  [CIFAR-10][Adam] seed=1 ep=06/15  train_loss=0.4505  val_loss=0.5210  val_acc=82.82%
  [CIFAR-10][Adam] seed=1 ep=07/15  train_loss=0.3887  val_loss=0.5166  val_acc=83.20%
  [CIFAR-10][Adam] seed=1 ep=08/15  train_loss=0.3401  val_loss=0.4321  val_acc=85.59%
  [CIFAR-10][Adam] seed=1 ep=09/15  train_loss=0.2947  val_loss=0.3872  val_acc=87.48%
  [CIFAR-10][Adam] seed=1 ep=10/15  train_loss=0.2505  val_loss=0.3682  val_acc=88.52%
  [CIFAR-10][Adam] seed=1 ep=11/15  train_loss=0.2171  val_loss=0.3463  val_acc=89.42%
  [CIFAR-10][Adam] seed=1 ep=12/15  train_loss=0.1841  val_loss=0.3292  val_acc=89.59%
  [CIFAR-10][Adam] seed=1 ep=13/15  train_loss=0.1630  val_loss=0.3174  val_acc=90.29%
  [CIFAR-10][Adam] seed=1 ep=14/15  train_loss=0.1429  val_loss=0.3119  val_acc=90.54%
  [CIFAR-10][Adam] seed=1 ep=15/15  train_loss=0.1345  val_loss=0.3085  val_acc=90.72%
Files already downloaded and verified
Files already downloaded and verified
  [CIFAR-10][AdamW] seed=1 ep=01/15  train_loss=1.4668  val_loss=1.2218  val_acc=56.51%
  [CIFAR-10][AdamW] seed=1 ep=02/15  train_loss=0.9717  val_loss=0.9422  val_acc=67.21%
  [CIFAR-10][AdamW] seed=1 ep=03/15  train_loss=0.7536  val_loss=0.7054  val_acc=75.78%
  [CIFAR-10][AdamW] seed=1 ep=04/15  train_loss=0.6121  val_loss=0.5952  val_acc=78.81%
  [CIFAR-10][AdamW] seed=1 ep=05/15  train_loss=0.5256  val_loss=0.5819  val_acc=80.44%
  [CIFAR-10][AdamW] seed=1 ep=06/15  train_loss=0.4532  val_loss=0.5145  val_acc=83.12%
  [CIFAR-10][AdamW] seed=1 ep=07/15  train_loss=0.3918  val_loss=0.4791  val_acc=84.00%
  [CIFAR-10][AdamW] seed=1 ep=08/15  train_loss=0.3450  val_loss=0.4316  val_acc=85.59%
  [CIFAR-10][AdamW] seed=1 ep=09/15  train_loss=0.2978  val_loss=0.3931  val_acc=86.98%
  [CIFAR-10][AdamW] seed=1 ep=10/15  train_loss=0.2544  val_loss=0.3631  val_acc=88.47%
  [CIFAR-10][AdamW] seed=1 ep=11/15  train_loss=0.2212  val_loss=0.3483  val_acc=89.14%
  [CIFAR-10][AdamW] seed=1 ep=12/15  train_loss=0.1905  val_loss=0.3191  val_acc=89.67%
  [CIFAR-10][AdamW] seed=1 ep=13/15  train_loss=0.1645  val_loss=0.3144  val_acc=90.48%
  [CIFAR-10][AdamW] seed=1 ep=14/15  train_loss=0.1476  val_loss=0.3098  val_acc=90.56%
  [CIFAR-10][AdamW] seed=1 ep=15/15  train_loss=0.1381  val_loss=0.3085  val_acc=90.58%
Files already downloaded and verified
Files already downloaded and verified
  [CIFAR-10][PsiLogic] seed=1 ep=01/15  train_loss=1.4378  val_loss=1.1104  val_acc=60.38%
  [CIFAR-10][PsiLogic] seed=1 ep=02/15  train_loss=0.9518  val_loss=0.7982  val_acc=72.68%
  [CIFAR-10][PsiLogic] seed=1 ep=03/15  train_loss=0.7322  val_loss=0.6671  val_acc=77.28%
  [CIFAR-10][PsiLogic] seed=1 ep=04/15  train_loss=0.6010  val_loss=0.5615  val_acc=80.64%
  [CIFAR-10][PsiLogic] seed=1 ep=05/15  train_loss=0.5184  val_loss=0.5369  val_acc=81.61%
  [CIFAR-10][PsiLogic] seed=1 ep=06/15  train_loss=0.4542  val_loss=0.4779  val_acc=83.87%
  [CIFAR-10][PsiLogic] seed=1 ep=07/15  train_loss=0.3934  val_loss=0.4297  val_acc=85.56%
  [CIFAR-10][PsiLogic] seed=1 ep=08/15  train_loss=0.3470  val_loss=0.3923  val_acc=87.14%
  [CIFAR-10][PsiLogic] seed=1 ep=09/15  train_loss=0.3006  val_loss=0.3829  val_acc=86.95%
  [CIFAR-10][PsiLogic] seed=1 ep=10/15  train_loss=0.2574  val_loss=0.3668  val_acc=88.54%
  [CIFAR-10][PsiLogic] seed=1 ep=11/15  train_loss=0.2236  val_loss=0.3609  val_acc=88.63%
  [CIFAR-10][PsiLogic] seed=1 ep=12/15  train_loss=0.1946  val_loss=0.3282  val_acc=89.49%
  [CIFAR-10][PsiLogic] seed=1 ep=13/15  train_loss=0.1703  val_loss=0.3292  val_acc=90.08%
  [CIFAR-10][PsiLogic] seed=1 ep=14/15  train_loss=0.1516  val_loss=0.3221  val_acc=90.35%
  [CIFAR-10][PsiLogic] seed=1 ep=15/15  train_loss=0.1439  val_loss=0.3220  val_acc=90.48%

── Seed 2 ─────────────────────────────────
Files already downloaded and verified
Files already downloaded and verified
  [CIFAR-10][Adam] seed=2 ep=01/15  train_loss=1.4300  val_loss=1.6016  val_acc=50.29%
  [CIFAR-10][Adam] seed=2 ep=02/15  train_loss=0.9915  val_loss=0.9994  val_acc=65.06%
  [CIFAR-10][Adam] seed=2 ep=03/15  train_loss=0.7896  val_loss=0.8154  val_acc=72.29%
  [CIFAR-10][Adam] seed=2 ep=04/15  train_loss=0.6549  val_loss=0.7892  val_acc=74.91%
  [CIFAR-10][Adam] seed=2 ep=05/15  train_loss=0.5493  val_loss=0.6089  val_acc=78.69%
  [CIFAR-10][Adam] seed=2 ep=06/15  train_loss=0.4698  val_loss=0.5312  val_acc=82.39%
  [CIFAR-10][Adam] seed=2 ep=07/15  train_loss=0.4149  val_loss=0.4553  val_acc=84.92%
  [CIFAR-10][Adam] seed=2 ep=08/15  train_loss=0.3618  val_loss=0.4482  val_acc=85.43%
  [CIFAR-10][Adam] seed=2 ep=09/15  train_loss=0.3112  val_loss=0.3908  val_acc=87.29%
  [CIFAR-10][Adam] seed=2 ep=10/15  train_loss=0.2717  val_loss=0.3620  val_acc=88.08%
  [CIFAR-10][Adam] seed=2 ep=11/15  train_loss=0.2334  val_loss=0.3374  val_acc=89.19%
  [CIFAR-10][Adam] seed=2 ep=12/15  train_loss=0.2021  val_loss=0.3280  val_acc=89.52%
  [CIFAR-10][Adam] seed=2 ep=13/15  train_loss=0.1723  val_loss=0.3163  val_acc=90.16%
  [CIFAR-10][Adam] seed=2 ep=14/15  train_loss=0.1563  val_loss=0.3128  val_acc=90.38%
  [CIFAR-10][Adam] seed=2 ep=15/15  train_loss=0.1471  val_loss=0.3089  val_acc=90.52%
Files already downloaded and verified
Files already downloaded and verified
  [CIFAR-10][AdamW] seed=2 ep=01/15  train_loss=1.4291  val_loss=1.5402  val_acc=49.50%
  [CIFAR-10][AdamW] seed=2 ep=02/15  train_loss=0.9853  val_loss=1.0534  val_acc=64.29%
  [CIFAR-10][AdamW] seed=2 ep=03/15  train_loss=0.7933  val_loss=0.9493  val_acc=68.55%
  [CIFAR-10][AdamW] seed=2 ep=04/15  train_loss=0.6585  val_loss=0.7013  val_acc=76.76%
  [CIFAR-10][AdamW] seed=2 ep=05/15  train_loss=0.5564  val_loss=0.6189  val_acc=78.99%
  [CIFAR-10][AdamW] seed=2 ep=06/15  train_loss=0.4761  val_loss=0.5187  val_acc=82.58%
  [CIFAR-10][AdamW] seed=2 ep=07/15  train_loss=0.4164  val_loss=0.4774  val_acc=84.51%
  [CIFAR-10][AdamW] seed=2 ep=08/15  train_loss=0.3627  val_loss=0.4678  val_acc=84.62%
  [CIFAR-10][AdamW] seed=2 ep=09/15  train_loss=0.3148  val_loss=0.4091  val_acc=86.68%
  [CIFAR-10][AdamW] seed=2 ep=10/15  train_loss=0.2746  val_loss=0.3745  val_acc=87.80%
  [CIFAR-10][AdamW] seed=2 ep=11/15  train_loss=0.2355  val_loss=0.3514  val_acc=88.89%
  [CIFAR-10][AdamW] seed=2 ep=12/15  train_loss=0.2031  val_loss=0.3290  val_acc=89.61%
  [CIFAR-10][AdamW] seed=2 ep=13/15  train_loss=0.1754  val_loss=0.3238  val_acc=89.75%
  [CIFAR-10][AdamW] seed=2 ep=14/15  train_loss=0.1575  val_loss=0.3191  val_acc=90.25%
  [CIFAR-10][AdamW] seed=2 ep=15/15  train_loss=0.1490  val_loss=0.3149  val_acc=90.33%
Files already downloaded and verified
Files already downloaded and verified
  [CIFAR-10][PsiLogic] seed=2 ep=01/15  train_loss=1.4279  val_loss=1.2433  val_acc=57.76%
  [CIFAR-10][PsiLogic] seed=2 ep=02/15  train_loss=0.9234  val_loss=0.7850  val_acc=72.71%
  [CIFAR-10][PsiLogic] seed=2 ep=03/15  train_loss=0.7212  val_loss=0.7047  val_acc=75.69%
  [CIFAR-10][PsiLogic] seed=2 ep=04/15  train_loss=0.5929  val_loss=0.5907  val_acc=80.11%
  [CIFAR-10][PsiLogic] seed=2 ep=05/15  train_loss=0.5049  val_loss=0.5655  val_acc=81.23%
  [CIFAR-10][PsiLogic] seed=2 ep=06/15  train_loss=0.4339  val_loss=0.4604  val_acc=84.82%
  [CIFAR-10][PsiLogic] seed=2 ep=07/15  train_loss=0.3845  val_loss=0.4347  val_acc=85.76%
  [CIFAR-10][PsiLogic] seed=2 ep=08/15  train_loss=0.3332  val_loss=0.3829  val_acc=87.45%
  [CIFAR-10][PsiLogic] seed=2 ep=09/15  train_loss=0.2864  val_loss=0.3871  val_acc=87.63%
  [CIFAR-10][PsiLogic] seed=2 ep=10/15  train_loss=0.2501  val_loss=0.3304  val_acc=89.26%
  [CIFAR-10][PsiLogic] seed=2 ep=11/15  train_loss=0.2130  val_loss=0.3313  val_acc=89.37%
  [CIFAR-10][PsiLogic] seed=2 ep=12/15  train_loss=0.1864  val_loss=0.3190  val_acc=90.15%
  [CIFAR-10][PsiLogic] seed=2 ep=13/15  train_loss=0.1587  val_loss=0.3090  val_acc=90.71%
  [CIFAR-10][PsiLogic] seed=2 ep=14/15  train_loss=0.1424  val_loss=0.3089  val_acc=90.76%
  [CIFAR-10][PsiLogic] seed=2 ep=15/15  train_loss=0.1339  val_loss=0.3049  val_acc=90.89%

── Seed 3 ─────────────────────────────────
Files already downloaded and verified
Files already downloaded and verified
  [CIFAR-10][Adam] seed=3 ep=01/15  train_loss=1.4729  val_loss=1.3979  val_acc=52.04%
  [CIFAR-10][Adam] seed=3 ep=02/15  train_loss=1.0199  val_loss=1.0086  val_acc=65.31%
  [CIFAR-10][Adam] seed=3 ep=03/15  train_loss=0.8086  val_loss=0.7071  val_acc=75.44%
  [CIFAR-10][Adam] seed=3 ep=04/15  train_loss=0.6571  val_loss=0.6740  val_acc=76.96%
  [CIFAR-10][Adam] seed=3 ep=05/15  train_loss=0.5591  val_loss=0.7039  val_acc=76.95%
  [CIFAR-10][Adam] seed=3 ep=06/15  train_loss=0.4750  val_loss=0.5236  val_acc=82.35%
  [CIFAR-10][Adam] seed=3 ep=07/15  train_loss=0.4180  val_loss=0.4860  val_acc=83.79%
  [CIFAR-10][Adam] seed=3 ep=08/15  train_loss=0.3673  val_loss=0.4434  val_acc=85.26%
  [CIFAR-10][Adam] seed=3 ep=09/15  train_loss=0.3145  val_loss=0.4117  val_acc=86.19%
  [CIFAR-10][Adam] seed=3 ep=10/15  train_loss=0.2715  val_loss=0.4046  val_acc=87.25%
  [CIFAR-10][Adam] seed=3 ep=11/15  train_loss=0.2351  val_loss=0.3587  val_acc=88.59%
  [CIFAR-10][Adam] seed=3 ep=12/15  train_loss=0.2020  val_loss=0.3476  val_acc=89.04%
  [CIFAR-10][Adam] seed=3 ep=13/15  train_loss=0.1756  val_loss=0.3291  val_acc=89.84%
  [CIFAR-10][Adam] seed=3 ep=14/15  train_loss=0.1604  val_loss=0.3266  val_acc=90.04%
  [CIFAR-10][Adam] seed=3 ep=15/15  train_loss=0.1490  val_loss=0.3240  val_acc=90.10%
Files already downloaded and verified
Files already downloaded and verified
  [CIFAR-10][AdamW] seed=3 ep=01/15  train_loss=1.4752  val_loss=1.2996  val_acc=53.89%
  [CIFAR-10][AdamW] seed=3 ep=02/15  train_loss=1.0212  val_loss=1.0300  val_acc=64.34%
  [CIFAR-10][AdamW] seed=3 ep=03/15  train_loss=0.8099  val_loss=0.7054  val_acc=75.08%
  [CIFAR-10][AdamW] seed=3 ep=04/15  train_loss=0.6529  val_loss=0.6609  val_acc=77.62%
  [CIFAR-10][AdamW] seed=3 ep=05/15  train_loss=0.5515  val_loss=0.6366  val_acc=78.80%
  [CIFAR-10][AdamW] seed=3 ep=06/15  train_loss=0.4688  val_loss=0.5344  val_acc=81.58%
  [CIFAR-10][AdamW] seed=3 ep=07/15  train_loss=0.4142  val_loss=0.4587  val_acc=84.75%
  [CIFAR-10][AdamW] seed=3 ep=08/15  train_loss=0.3605  val_loss=0.4280  val_acc=85.90%
  [CIFAR-10][AdamW] seed=3 ep=09/15  train_loss=0.3071  val_loss=0.4063  val_acc=86.26%
  [CIFAR-10][AdamW] seed=3 ep=10/15  train_loss=0.2631  val_loss=0.3856  val_acc=87.81%
  [CIFAR-10][AdamW] seed=3 ep=11/15  train_loss=0.2292  val_loss=0.3506  val_acc=88.93%
  [CIFAR-10][AdamW] seed=3 ep=12/15  train_loss=0.1948  val_loss=0.3336  val_acc=89.62%
  [CIFAR-10][AdamW] seed=3 ep=13/15  train_loss=0.1695  val_loss=0.3250  val_acc=90.07%
  [CIFAR-10][AdamW] seed=3 ep=14/15  train_loss=0.1539  val_loss=0.3223  val_acc=90.17%
  [CIFAR-10][AdamW] seed=3 ep=15/15  train_loss=0.1429  val_loss=0.3207  val_acc=90.17%
Files already downloaded and verified
Files already downloaded and verified
  [CIFAR-10][PsiLogic] seed=3 ep=01/15  train_loss=1.4548  val_loss=1.2515  val_acc=55.42%
  [CIFAR-10][PsiLogic] seed=3 ep=02/15  train_loss=0.9800  val_loss=1.0048  val_acc=66.15%
  [CIFAR-10][PsiLogic] seed=3 ep=03/15  train_loss=0.7549  val_loss=0.6753  val_acc=76.78%
  [CIFAR-10][PsiLogic] seed=3 ep=04/15  train_loss=0.6179  val_loss=0.6006  val_acc=79.65%
  [CIFAR-10][PsiLogic] seed=3 ep=05/15  train_loss=0.5284  val_loss=0.5126  val_acc=82.60%
  [CIFAR-10][PsiLogic] seed=3 ep=06/15  train_loss=0.4509  val_loss=0.4572  val_acc=84.12%
  [CIFAR-10][PsiLogic] seed=3 ep=07/15  train_loss=0.4002  val_loss=0.4257  val_acc=86.02%
  [CIFAR-10][PsiLogic] seed=3 ep=08/15  train_loss=0.3528  val_loss=0.4008  val_acc=86.66%
  [CIFAR-10][PsiLogic] seed=3 ep=09/15  train_loss=0.3055  val_loss=0.3822  val_acc=87.18%
  [CIFAR-10][PsiLogic] seed=3 ep=10/15  train_loss=0.2640  val_loss=0.3657  val_acc=88.09%
  [CIFAR-10][PsiLogic] seed=3 ep=11/15  train_loss=0.2298  val_loss=0.3539  val_acc=88.85%
  [CIFAR-10][PsiLogic] seed=3 ep=12/15  train_loss=0.2001  val_loss=0.3321  val_acc=89.76%
  [CIFAR-10][PsiLogic] seed=3 ep=13/15  train_loss=0.1765  val_loss=0.3339  val_acc=89.78%
  [CIFAR-10][PsiLogic] seed=3 ep=14/15  train_loss=0.1604  val_loss=0.3329  val_acc=90.00%
  [CIFAR-10][PsiLogic] seed=3 ep=15/15  train_loss=0.1479  val_loss=0.3301  val_acc=90.17%

── Seed 4 ─────────────────────────────────
Files already downloaded and verified
Files already downloaded and verified
  [CIFAR-10][Adam] seed=4 ep=01/15  train_loss=1.4486  val_loss=1.3836  val_acc=53.64%
  [CIFAR-10][Adam] seed=4 ep=02/15  train_loss=0.9870  val_loss=1.0087  val_acc=65.94%
  [CIFAR-10][Adam] seed=4 ep=03/15  train_loss=0.7723  val_loss=0.7385  val_acc=74.43%
  [CIFAR-10][Adam] seed=4 ep=04/15  train_loss=0.6367  val_loss=0.6059  val_acc=79.66%
  [CIFAR-10][Adam] seed=4 ep=05/15  train_loss=0.5411  val_loss=0.5690  val_acc=80.31%
  [CIFAR-10][Adam] seed=4 ep=06/15  train_loss=0.4732  val_loss=0.5349  val_acc=82.05%
  [CIFAR-10][Adam] seed=4 ep=07/15  train_loss=0.4064  val_loss=0.4921  val_acc=83.92%
  [CIFAR-10][Adam] seed=4 ep=08/15  train_loss=0.3484  val_loss=0.4493  val_acc=85.32%
  [CIFAR-10][Adam] seed=4 ep=09/15  train_loss=0.3049  val_loss=0.3742  val_acc=87.46%
  [CIFAR-10][Adam] seed=4 ep=10/15  train_loss=0.2594  val_loss=0.3493  val_acc=88.39%
  [CIFAR-10][Adam] seed=4 ep=11/15  train_loss=0.2263  val_loss=0.3325  val_acc=89.29%
  [CIFAR-10][Adam] seed=4 ep=12/15  train_loss=0.1934  val_loss=0.3244  val_acc=89.95%
  [CIFAR-10][Adam] seed=4 ep=13/15  train_loss=0.1666  val_loss=0.3184  val_acc=90.14%
  [CIFAR-10][Adam] seed=4 ep=14/15  train_loss=0.1503  val_loss=0.3067  val_acc=90.42%
  [CIFAR-10][Adam] seed=4 ep=15/15  train_loss=0.1366  val_loss=0.3050  val_acc=90.72%
Files already downloaded and verified
Files already downloaded and verified
  [CIFAR-10][AdamW] seed=4 ep=01/15  train_loss=1.4417  val_loss=1.2197  val_acc=57.50%
  [CIFAR-10][AdamW] seed=4 ep=02/15  train_loss=0.9798  val_loss=1.0405  val_acc=64.84%
  [CIFAR-10][AdamW] seed=4 ep=03/15  train_loss=0.7772  val_loss=0.8050  val_acc=72.30%
  [CIFAR-10][AdamW] seed=4 ep=04/15  train_loss=0.6370  val_loss=0.6375  val_acc=78.34%
  [CIFAR-10][AdamW] seed=4 ep=05/15  train_loss=0.5449  val_loss=0.5736  val_acc=80.81%
  [CIFAR-10][AdamW] seed=4 ep=06/15  train_loss=0.4747  val_loss=0.4743  val_acc=84.54%
  [CIFAR-10][AdamW] seed=4 ep=07/15  train_loss=0.4088  val_loss=0.4896  val_acc=84.16%
  [CIFAR-10][AdamW] seed=4 ep=08/15  train_loss=0.3542  val_loss=0.4925  val_acc=84.62%
  [CIFAR-10][AdamW] seed=4 ep=09/15  train_loss=0.3091  val_loss=0.3942  val_acc=87.21%
  [CIFAR-10][AdamW] seed=4 ep=10/15  train_loss=0.2644  val_loss=0.3526  val_acc=88.40%
  [CIFAR-10][AdamW] seed=4 ep=11/15  train_loss=0.2315  val_loss=0.3457  val_acc=89.14%
  [CIFAR-10][AdamW] seed=4 ep=12/15  train_loss=0.1960  val_loss=0.3327  val_acc=89.60%
  [CIFAR-10][AdamW] seed=4 ep=13/15  train_loss=0.1740  val_loss=0.3247  val_acc=90.07%
  [CIFAR-10][AdamW] seed=4 ep=14/15  train_loss=0.1553  val_loss=0.3155  val_acc=90.43%
  [CIFAR-10][AdamW] seed=4 ep=15/15  train_loss=0.1410  val_loss=0.3135  val_acc=90.43%
Files already downloaded and verified
Files already downloaded and verified
  [CIFAR-10][PsiLogic] seed=4 ep=01/15  train_loss=1.3918  val_loss=1.1324  val_acc=58.38%
  [CIFAR-10][PsiLogic] seed=4 ep=02/15  train_loss=0.9222  val_loss=0.8697  val_acc=69.84%
  [CIFAR-10][PsiLogic] seed=4 ep=03/15  train_loss=0.7252  val_loss=0.6643  val_acc=76.91%
  [CIFAR-10][PsiLogic] seed=4 ep=04/15  train_loss=0.6026  val_loss=0.5951  val_acc=80.21%
  [CIFAR-10][PsiLogic] seed=4 ep=05/15  train_loss=0.5170  val_loss=0.5223  val_acc=82.24%
  [CIFAR-10][PsiLogic] seed=4 ep=06/15  train_loss=0.4557  val_loss=0.4571  val_acc=84.32%
  [CIFAR-10][PsiLogic] seed=4 ep=07/15  train_loss=0.3909  val_loss=0.4267  val_acc=85.61%
  [CIFAR-10][PsiLogic] seed=4 ep=08/15  train_loss=0.3407  val_loss=0.4086  val_acc=86.35%
  [CIFAR-10][PsiLogic] seed=4 ep=09/15  train_loss=0.2971  val_loss=0.3544  val_acc=87.97%
  [CIFAR-10][PsiLogic] seed=4 ep=10/15  train_loss=0.2524  val_loss=0.3392  val_acc=89.03%
  [CIFAR-10][PsiLogic] seed=4 ep=11/15  train_loss=0.2226  val_loss=0.3240  val_acc=89.50%
  [CIFAR-10][PsiLogic] seed=4 ep=12/15  train_loss=0.1894  val_loss=0.3230  val_acc=90.07%
  [CIFAR-10][PsiLogic] seed=4 ep=13/15  train_loss=0.1645  val_loss=0.3154  val_acc=90.18%
  [CIFAR-10][PsiLogic] seed=4 ep=14/15  train_loss=0.1468  val_loss=0.3047  val_acc=90.72%
  [CIFAR-10][PsiLogic] seed=4 ep=15/15  train_loss=0.1351  val_loss=0.3070  val_acc=90.66%

── Seed 5 ─────────────────────────────────
Files already downloaded and verified
Files already downloaded and verified
  [CIFAR-10][Adam] seed=5 ep=01/15  train_loss=1.4791  val_loss=1.2380  val_acc=55.16%
  [CIFAR-10][Adam] seed=5 ep=02/15  train_loss=0.9849  val_loss=0.8962  val_acc=68.78%
  [CIFAR-10][Adam] seed=5 ep=03/15  train_loss=0.7623  val_loss=0.9822  val_acc=68.68%
  [CIFAR-10][Adam] seed=5 ep=04/15  train_loss=0.6232  val_loss=0.7228  val_acc=75.66%
  [CIFAR-10][Adam] seed=5 ep=05/15  train_loss=0.5302  val_loss=0.5965  val_acc=79.69%
  [CIFAR-10][Adam] seed=5 ep=06/15  train_loss=0.4569  val_loss=0.5354  val_acc=82.49%
  [CIFAR-10][Adam] seed=5 ep=07/15  train_loss=0.3996  val_loss=0.5008  val_acc=83.26%
  [CIFAR-10][Adam] seed=5 ep=08/15  train_loss=0.3508  val_loss=0.4103  val_acc=86.43%
  [CIFAR-10][Adam] seed=5 ep=09/15  train_loss=0.2978  val_loss=0.3758  val_acc=87.71%
  [CIFAR-10][Adam] seed=5 ep=10/15  train_loss=0.2632  val_loss=0.3443  val_acc=89.07%
  [CIFAR-10][Adam] seed=5 ep=11/15  train_loss=0.2225  val_loss=0.3426  val_acc=88.94%
  [CIFAR-10][Adam] seed=5 ep=12/15  train_loss=0.1936  val_loss=0.3194  val_acc=90.22%
  [CIFAR-10][Adam] seed=5 ep=13/15  train_loss=0.1694  val_loss=0.3153  val_acc=90.47%
  [CIFAR-10][Adam] seed=5 ep=14/15  train_loss=0.1526  val_loss=0.3145  val_acc=90.79%
  [CIFAR-10][Adam] seed=5 ep=15/15  train_loss=0.1438  val_loss=0.3098  val_acc=90.79%
Files already downloaded and verified
Files already downloaded and verified
  [CIFAR-10][AdamW] seed=5 ep=01/15  train_loss=1.4637  val_loss=1.2163  val_acc=56.57%
  [CIFAR-10][AdamW] seed=5 ep=02/15  train_loss=0.9748  val_loss=0.8592  val_acc=69.99%
  [CIFAR-10][AdamW] seed=5 ep=03/15  train_loss=0.7563  val_loss=0.9755  val_acc=68.89%
  [CIFAR-10][AdamW] seed=5 ep=04/15  train_loss=0.6177  val_loss=0.7734  val_acc=74.97%
  [CIFAR-10][AdamW] seed=5 ep=05/15  train_loss=0.5278  val_loss=0.5508  val_acc=81.58%
  [CIFAR-10][AdamW] seed=5 ep=06/15  train_loss=0.4530  val_loss=0.5791  val_acc=81.15%
  [CIFAR-10][AdamW] seed=5 ep=07/15  train_loss=0.3981  val_loss=0.5087  val_acc=82.49%
  [CIFAR-10][AdamW] seed=5 ep=08/15  train_loss=0.3477  val_loss=0.4080  val_acc=86.33%
  [CIFAR-10][AdamW] seed=5 ep=09/15  train_loss=0.2983  val_loss=0.3885  val_acc=87.34%
  [CIFAR-10][AdamW] seed=5 ep=10/15  train_loss=0.2627  val_loss=0.3487  val_acc=88.58%
  [CIFAR-10][AdamW] seed=5 ep=11/15  train_loss=0.2246  val_loss=0.3377  val_acc=89.32%
  [CIFAR-10][AdamW] seed=5 ep=12/15  train_loss=0.1935  val_loss=0.3200  val_acc=90.00%
  [CIFAR-10][AdamW] seed=5 ep=13/15  train_loss=0.1702  val_loss=0.3070  val_acc=90.55%
  [CIFAR-10][AdamW] seed=5 ep=14/15  train_loss=0.1520  val_loss=0.3099  val_acc=90.38%
  [CIFAR-10][AdamW] seed=5 ep=15/15  train_loss=0.1448  val_loss=0.3019  val_acc=90.62%
Files already downloaded and verified
Files already downloaded and verified
  [CIFAR-10][PsiLogic] seed=5 ep=01/15  train_loss=1.4341  val_loss=1.2057  val_acc=57.17%
  [CIFAR-10][PsiLogic] seed=5 ep=02/15  train_loss=0.9526  val_loss=0.8442  val_acc=71.01%
  [CIFAR-10][PsiLogic] seed=5 ep=03/15  train_loss=0.7399  val_loss=0.7746  val_acc=74.16%
  [CIFAR-10][PsiLogic] seed=5 ep=04/15  train_loss=0.6088  val_loss=0.6025  val_acc=79.55%
  [CIFAR-10][PsiLogic] seed=5 ep=05/15  train_loss=0.5198  val_loss=0.5218  val_acc=82.23%
  [CIFAR-10][PsiLogic] seed=5 ep=06/15  train_loss=0.4493  val_loss=0.4789  val_acc=84.21%
  [CIFAR-10][PsiLogic] seed=5 ep=07/15  train_loss=0.3937  val_loss=0.4678  val_acc=84.73%
  [CIFAR-10][PsiLogic] seed=5 ep=08/15  train_loss=0.3434  val_loss=0.3971  val_acc=86.85%
  [CIFAR-10][PsiLogic] seed=5 ep=09/15  train_loss=0.2960  val_loss=0.3610  val_acc=87.85%
  [CIFAR-10][PsiLogic] seed=5 ep=10/15  train_loss=0.2558  val_loss=0.3419  val_acc=88.86%
  [CIFAR-10][PsiLogic] seed=5 ep=11/15  train_loss=0.2199  val_loss=0.3375  val_acc=89.05%
  [CIFAR-10][PsiLogic] seed=5 ep=12/15  train_loss=0.1909  val_loss=0.3205  val_acc=89.99%
  [CIFAR-10][PsiLogic] seed=5 ep=13/15  train_loss=0.1665  val_loss=0.3148  val_acc=90.45%
  [CIFAR-10][PsiLogic] seed=5 ep=14/15  train_loss=0.1494  val_loss=0.3167  val_acc=90.35%
  [CIFAR-10][PsiLogic] seed=5 ep=15/15  train_loss=0.1396  val_loss=0.3121  val_acc=90.46%

── Seed 6 ─────────────────────────────────
Files already downloaded and verified
Files already downloaded and verified
  [CIFAR-10][Adam] seed=6 ep=01/15  train_loss=1.5346  val_loss=1.3186  val_acc=52.29%
  [CIFAR-10][Adam] seed=6 ep=02/15  train_loss=1.0475  val_loss=0.9451  val_acc=66.39%
  [CIFAR-10][Adam] seed=6 ep=03/15  train_loss=0.8451  val_loss=0.9273  val_acc=68.13%
  [CIFAR-10][Adam] seed=6 ep=04/15  train_loss=0.6982  val_loss=0.7753  val_acc=74.56%
  [CIFAR-10][Adam] seed=6 ep=05/15  train_loss=0.5805  val_loss=0.9080  val_acc=71.73%
  [CIFAR-10][Adam] seed=6 ep=06/15  train_loss=0.5074  val_loss=0.5532  val_acc=81.19%
  [CIFAR-10][Adam] seed=6 ep=07/15  train_loss=0.4385  val_loss=0.5008  val_acc=83.07%
  [CIFAR-10][Adam] seed=6 ep=08/15  train_loss=0.3871  val_loss=0.4394  val_acc=85.56%
  [CIFAR-10][Adam] seed=6 ep=09/15  train_loss=0.3327  val_loss=0.4438  val_acc=85.76%
  [CIFAR-10][Adam] seed=6 ep=10/15  train_loss=0.2926  val_loss=0.3579  val_acc=88.15%
  [CIFAR-10][Adam] seed=6 ep=11/15  train_loss=0.2490  val_loss=0.3863  val_acc=88.15%
  [CIFAR-10][Adam] seed=6 ep=12/15  train_loss=0.2176  val_loss=0.3463  val_acc=88.91%
  [CIFAR-10][Adam] seed=6 ep=13/15  train_loss=0.1885  val_loss=0.3446  val_acc=89.50%
  [CIFAR-10][Adam] seed=6 ep=14/15  train_loss=0.1727  val_loss=0.3347  val_acc=89.71%
  [CIFAR-10][Adam] seed=6 ep=15/15  train_loss=0.1624  val_loss=0.3321  val_acc=89.67%
Files already downloaded and verified
Files already downloaded and verified
  [CIFAR-10][AdamW] seed=6 ep=01/15  train_loss=1.5251  val_loss=1.3475  val_acc=52.05%
  [CIFAR-10][AdamW] seed=6 ep=02/15  train_loss=1.0369  val_loss=1.0411  val_acc=63.65%
  [CIFAR-10][AdamW] seed=6 ep=03/15  train_loss=0.8315  val_loss=0.8032  val_acc=71.93%
  [CIFAR-10][AdamW] seed=6 ep=04/15  train_loss=0.6845  val_loss=0.7536  val_acc=75.64%
  [CIFAR-10][AdamW] seed=6 ep=05/15  train_loss=0.5760  val_loss=0.6924  val_acc=77.14%
  [CIFAR-10][AdamW] seed=6 ep=06/15  train_loss=0.5008  val_loss=0.5559  val_acc=81.14%
  [CIFAR-10][AdamW] seed=6 ep=07/15  train_loss=0.4319  val_loss=0.4861  val_acc=83.51%
  [CIFAR-10][AdamW] seed=6 ep=08/15  train_loss=0.3785  val_loss=0.4594  val_acc=85.22%
  [CIFAR-10][AdamW] seed=6 ep=09/15  train_loss=0.3276  val_loss=0.4367  val_acc=85.86%
  [CIFAR-10][AdamW] seed=6 ep=10/15  train_loss=0.2858  val_loss=0.3610  val_acc=88.34%
  [CIFAR-10][AdamW] seed=6 ep=11/15  train_loss=0.2455  val_loss=0.3930  val_acc=88.03%
  [CIFAR-10][AdamW] seed=6 ep=12/15  train_loss=0.2120  val_loss=0.3503  val_acc=89.01%
  [CIFAR-10][AdamW] seed=6 ep=13/15  train_loss=0.1840  val_loss=0.3413  val_acc=89.77%
  [CIFAR-10][AdamW] seed=6 ep=14/15  train_loss=0.1677  val_loss=0.3331  val_acc=89.82%
  [CIFAR-10][AdamW] seed=6 ep=15/15  train_loss=0.1575  val_loss=0.3309  val_acc=89.99%
Files already downloaded and verified
Files already downloaded and verified
  [CIFAR-10][PsiLogic] seed=6 ep=01/15  train_loss=1.4709  val_loss=1.2045  val_acc=57.59%
  [CIFAR-10][PsiLogic] seed=6 ep=02/15  train_loss=0.9779  val_loss=0.8638  val_acc=70.15%
  [CIFAR-10][PsiLogic] seed=6 ep=03/15  train_loss=0.7592  val_loss=0.6870  val_acc=76.17%
  [CIFAR-10][PsiLogic] seed=6 ep=04/15  train_loss=0.6233  val_loss=0.6052  val_acc=79.48%
  [CIFAR-10][PsiLogic] seed=6 ep=05/15  train_loss=0.5279  val_loss=0.5654  val_acc=80.96%
  [CIFAR-10][PsiLogic] seed=6 ep=06/15  train_loss=0.4656  val_loss=0.5096  val_acc=83.09%
  [CIFAR-10][PsiLogic] seed=6 ep=07/15  train_loss=0.4064  val_loss=0.4414  val_acc=85.42%
  [CIFAR-10][PsiLogic] seed=6 ep=08/15  train_loss=0.3558  val_loss=0.4341  val_acc=85.88%
  [CIFAR-10][PsiLogic] seed=6 ep=09/15  train_loss=0.3084  val_loss=0.4105  val_acc=86.87%
  [CIFAR-10][PsiLogic] seed=6 ep=10/15  train_loss=0.2726  val_loss=0.3514  val_acc=88.61%
  [CIFAR-10][PsiLogic] seed=6 ep=11/15  train_loss=0.2326  val_loss=0.3535  val_acc=88.82%
  [CIFAR-10][PsiLogic] seed=6 ep=12/15  train_loss=0.2017  val_loss=0.3404  val_acc=89.57%
  [CIFAR-10][PsiLogic] seed=6 ep=13/15  train_loss=0.1747  val_loss=0.3325  val_acc=89.94%
  [CIFAR-10][PsiLogic] seed=6 ep=14/15  train_loss=0.1587  val_loss=0.3265  val_acc=90.33%
  [CIFAR-10][PsiLogic] seed=6 ep=15/15  train_loss=0.1489  val_loss=0.3278  val_acc=90.28%

── Seed 7 ─────────────────────────────────
Files already downloaded and verified
Files already downloaded and verified
  [CIFAR-10][Adam] seed=7 ep=01/15  train_loss=1.4697  val_loss=1.1921  val_acc=57.49%
  [CIFAR-10][Adam] seed=7 ep=02/15  train_loss=1.0049  val_loss=0.8950  val_acc=68.87%
  [CIFAR-10][Adam] seed=7 ep=03/15  train_loss=0.7745  val_loss=0.7588  val_acc=73.76%
  [CIFAR-10][Adam] seed=7 ep=04/15  train_loss=0.6306  val_loss=0.7151  val_acc=76.39%
  [CIFAR-10][Adam] seed=7 ep=05/15  train_loss=0.5377  val_loss=0.5731  val_acc=80.37%
  [CIFAR-10][Adam] seed=7 ep=06/15  train_loss=0.4636  val_loss=0.5069  val_acc=82.92%
  [CIFAR-10][Adam] seed=7 ep=07/15  train_loss=0.4045  val_loss=0.6201  val_acc=80.00%
  [CIFAR-10][Adam] seed=7 ep=08/15  train_loss=0.3503  val_loss=0.4085  val_acc=86.68%
  [CIFAR-10][Adam] seed=7 ep=09/15  train_loss=0.3045  val_loss=0.4104  val_acc=86.38%
  [CIFAR-10][Adam] seed=7 ep=10/15  train_loss=0.2594  val_loss=0.3645  val_acc=88.04%
  [CIFAR-10][Adam] seed=7 ep=11/15  train_loss=0.2290  val_loss=0.3404  val_acc=88.85%
  [CIFAR-10][Adam] seed=7 ep=12/15  train_loss=0.1942  val_loss=0.3251  val_acc=89.76%
  [CIFAR-10][Adam] seed=7 ep=13/15  train_loss=0.1693  val_loss=0.3250  val_acc=89.97%
  [CIFAR-10][Adam] seed=7 ep=14/15  train_loss=0.1541  val_loss=0.3190  val_acc=90.22%
  [CIFAR-10][Adam] seed=7 ep=15/15  train_loss=0.1433  val_loss=0.3155  val_acc=90.11%
Files already downloaded and verified
Files already downloaded and verified
  [CIFAR-10][AdamW] seed=7 ep=01/15  train_loss=1.4730  val_loss=1.1863  val_acc=57.66%
  [CIFAR-10][AdamW] seed=7 ep=02/15  train_loss=1.0076  val_loss=1.0399  val_acc=64.07%
  [CIFAR-10][AdamW] seed=7 ep=03/15  train_loss=0.7757  val_loss=0.8012  val_acc=72.62%
  [CIFAR-10][AdamW] seed=7 ep=04/15  train_loss=0.6327  val_loss=0.7087  val_acc=76.35%
  [CIFAR-10][AdamW] seed=7 ep=05/15  train_loss=0.5400  val_loss=0.6039  val_acc=79.08%
  [CIFAR-10][AdamW] seed=7 ep=06/15  train_loss=0.4619  val_loss=0.5835  val_acc=81.15%
  [CIFAR-10][AdamW] seed=7 ep=07/15  train_loss=0.4035  val_loss=0.5381  val_acc=82.05%
  [CIFAR-10][AdamW] seed=7 ep=08/15  train_loss=0.3502  val_loss=0.4037  val_acc=86.26%
  [CIFAR-10][AdamW] seed=7 ep=09/15  train_loss=0.3031  val_loss=0.3747  val_acc=87.72%
  [CIFAR-10][AdamW] seed=7 ep=10/15  train_loss=0.2620  val_loss=0.3548  val_acc=88.02%
  [CIFAR-10][AdamW] seed=7 ep=11/15  train_loss=0.2289  val_loss=0.3392  val_acc=89.23%
  [CIFAR-10][AdamW] seed=7 ep=12/15  train_loss=0.1946  val_loss=0.3254  val_acc=89.76%
  [CIFAR-10][AdamW] seed=7 ep=13/15  train_loss=0.1707  val_loss=0.3285  val_acc=89.91%
  [CIFAR-10][AdamW] seed=7 ep=14/15  train_loss=0.1548  val_loss=0.3219  val_acc=90.17%
  [CIFAR-10][AdamW] seed=7 ep=15/15  train_loss=0.1467  val_loss=0.3189  val_acc=90.20%
Files already downloaded and verified
Files already downloaded and verified
  [CIFAR-10][PsiLogic] seed=7 ep=01/15  train_loss=1.4565  val_loss=1.1568  val_acc=59.72%
  [CIFAR-10][PsiLogic] seed=7 ep=02/15  train_loss=0.9866  val_loss=0.8443  val_acc=70.52%
  [CIFAR-10][PsiLogic] seed=7 ep=03/15  train_loss=0.7542  val_loss=0.7013  val_acc=75.82%
  [CIFAR-10][PsiLogic] seed=7 ep=04/15  train_loss=0.6227  val_loss=0.6143  val_acc=79.51%
  [CIFAR-10][PsiLogic] seed=7 ep=05/15  train_loss=0.5337  val_loss=0.5857  val_acc=80.23%
  [CIFAR-10][PsiLogic] seed=7 ep=06/15  train_loss=0.4647  val_loss=0.4912  val_acc=83.57%
  [CIFAR-10][PsiLogic] seed=7 ep=07/15  train_loss=0.4075  val_loss=0.4815  val_acc=84.10%
  [CIFAR-10][PsiLogic] seed=7 ep=08/15  train_loss=0.3530  val_loss=0.4095  val_acc=86.42%
  [CIFAR-10][PsiLogic] seed=7 ep=09/15  train_loss=0.3080  val_loss=0.3771  val_acc=87.56%
  [CIFAR-10][PsiLogic] seed=7 ep=10/15  train_loss=0.2669  val_loss=0.3568  val_acc=88.10%
  [CIFAR-10][PsiLogic] seed=7 ep=11/15  train_loss=0.2337  val_loss=0.3442  val_acc=89.17%
  [CIFAR-10][PsiLogic] seed=7 ep=12/15  train_loss=0.1991  val_loss=0.3400  val_acc=89.45%
  [CIFAR-10][PsiLogic] seed=7 ep=13/15  train_loss=0.1755  val_loss=0.3356  val_acc=89.57%
  [CIFAR-10][PsiLogic] seed=7 ep=14/15  train_loss=0.1596  val_loss=0.3292  val_acc=89.95%
  [CIFAR-10][PsiLogic] seed=7 ep=15/15  train_loss=0.1500  val_loss=0.3269  val_acc=89.98%

── Seed 8 ─────────────────────────────────
Files already downloaded and verified
Files already downloaded and verified
  [CIFAR-10][Adam] seed=8 ep=01/15  train_loss=1.4591  val_loss=1.2712  val_acc=54.94%
  [CIFAR-10][Adam] seed=8 ep=02/15  train_loss=0.9991  val_loss=1.1946  val_acc=62.04%
  [CIFAR-10][Adam] seed=8 ep=03/15  train_loss=0.8027  val_loss=0.7545  val_acc=73.60%
  [CIFAR-10][Adam] seed=8 ep=04/15  train_loss=0.6534  val_loss=0.6535  val_acc=78.10%
  [CIFAR-10][Adam] seed=8 ep=05/15  train_loss=0.5554  val_loss=0.6581  val_acc=78.29%
  [CIFAR-10][Adam] seed=8 ep=06/15  train_loss=0.4783  val_loss=0.5578  val_acc=81.44%
  [CIFAR-10][Adam] seed=8 ep=07/15  train_loss=0.4100  val_loss=0.6004  val_acc=81.30%
  [CIFAR-10][Adam] seed=8 ep=08/15  train_loss=0.3582  val_loss=0.4237  val_acc=86.34%
  [CIFAR-10][Adam] seed=8 ep=09/15  train_loss=0.3100  val_loss=0.3749  val_acc=87.42%
  [CIFAR-10][Adam] seed=8 ep=10/15  train_loss=0.2690  val_loss=0.3793  val_acc=87.80%
  [CIFAR-10][Adam] seed=8 ep=11/15  train_loss=0.2311  val_loss=0.3657  val_acc=88.50%
  [CIFAR-10][Adam] seed=8 ep=12/15  train_loss=0.1947  val_loss=0.3258  val_acc=89.81%
  [CIFAR-10][Adam] seed=8 ep=13/15  train_loss=0.1723  val_loss=0.3342  val_acc=89.78%
  [CIFAR-10][Adam] seed=8 ep=14/15  train_loss=0.1564  val_loss=0.3147  val_acc=90.33%
  [CIFAR-10][Adam] seed=8 ep=15/15  train_loss=0.1446  val_loss=0.3139  val_acc=90.57%
Files already downloaded and verified
Files already downloaded and verified
  [CIFAR-10][AdamW] seed=8 ep=01/15  train_loss=1.4527  val_loss=1.2963  val_acc=55.08%
  [CIFAR-10][AdamW] seed=8 ep=02/15  train_loss=0.9903  val_loss=1.1447  val_acc=63.05%
  [CIFAR-10][AdamW] seed=8 ep=03/15  train_loss=0.7822  val_loss=0.7458  val_acc=74.28%
  [CIFAR-10][AdamW] seed=8 ep=04/15  train_loss=0.6365  val_loss=0.7082  val_acc=77.10%
  [CIFAR-10][AdamW] seed=8 ep=05/15  train_loss=0.5443  val_loss=0.6521  val_acc=78.76%
  [CIFAR-10][AdamW] seed=8 ep=06/15  train_loss=0.4694  val_loss=0.5321  val_acc=82.58%
  [CIFAR-10][AdamW] seed=8 ep=07/15  train_loss=0.4041  val_loss=0.5381  val_acc=82.73%
  [CIFAR-10][AdamW] seed=8 ep=08/15  train_loss=0.3576  val_loss=0.4447  val_acc=85.72%
  [CIFAR-10][AdamW] seed=8 ep=09/15  train_loss=0.3068  val_loss=0.3926  val_acc=87.33%
  [CIFAR-10][AdamW] seed=8 ep=10/15  train_loss=0.2640  val_loss=0.3843  val_acc=87.38%
  [CIFAR-10][AdamW] seed=8 ep=11/15  train_loss=0.2269  val_loss=0.3546  val_acc=88.54%
  [CIFAR-10][AdamW] seed=8 ep=12/15  train_loss=0.1942  val_loss=0.3419  val_acc=89.77%
  [CIFAR-10][AdamW] seed=8 ep=13/15  train_loss=0.1694  val_loss=0.3371  val_acc=89.54%
  [CIFAR-10][AdamW] seed=8 ep=14/15  train_loss=0.1540  val_loss=0.3252  val_acc=89.82%
  [CIFAR-10][AdamW] seed=8 ep=15/15  train_loss=0.1436  val_loss=0.3248  val_acc=90.04%
Files already downloaded and verified
Files already downloaded and verified
  [CIFAR-10][PsiLogic] seed=8 ep=01/15  train_loss=1.4245  val_loss=1.2483  val_acc=57.42%
  [CIFAR-10][PsiLogic] seed=8 ep=02/15  train_loss=0.9503  val_loss=0.9125  val_acc=68.24%
  [CIFAR-10][PsiLogic] seed=8 ep=03/15  train_loss=0.7350  val_loss=0.7256  val_acc=74.75%
  [CIFAR-10][PsiLogic] seed=8 ep=04/15  train_loss=0.6081  val_loss=0.6184  val_acc=79.83%
  [CIFAR-10][PsiLogic] seed=8 ep=05/15  train_loss=0.5237  val_loss=0.5239  val_acc=82.10%
  [CIFAR-10][PsiLogic] seed=8 ep=06/15  train_loss=0.4568  val_loss=0.5040  val_acc=83.17%
  [CIFAR-10][PsiLogic] seed=8 ep=07/15  train_loss=0.3942  val_loss=0.4463  val_acc=85.38%
  [CIFAR-10][PsiLogic] seed=8 ep=08/15  train_loss=0.3485  val_loss=0.4020  val_acc=87.12%
  [CIFAR-10][PsiLogic] seed=8 ep=09/15  train_loss=0.3017  val_loss=0.3636  val_acc=88.13%
  [CIFAR-10][PsiLogic] seed=8 ep=10/15  train_loss=0.2625  val_loss=0.3673  val_acc=87.98%
  [CIFAR-10][PsiLogic] seed=8 ep=11/15  train_loss=0.2240  val_loss=0.3416  val_acc=89.19%
  [CIFAR-10][PsiLogic] seed=8 ep=12/15  train_loss=0.1900  val_loss=0.3327  val_acc=89.99%
  [CIFAR-10][PsiLogic] seed=8 ep=13/15  train_loss=0.1691  val_loss=0.3398  val_acc=89.63%
  [CIFAR-10][PsiLogic] seed=8 ep=14/15  train_loss=0.1519  val_loss=0.3224  val_acc=90.46%
  [CIFAR-10][PsiLogic] seed=8 ep=15/15  train_loss=0.1399  val_loss=0.3227  val_acc=90.38%

── Seed 9 ─────────────────────────────────
Files already downloaded and verified
Files already downloaded and verified
  [CIFAR-10][Adam] seed=9 ep=01/15  train_loss=1.4863  val_loss=1.2429  val_acc=55.60%
  [CIFAR-10][Adam] seed=9 ep=02/15  train_loss=1.0205  val_loss=0.9504  val_acc=67.51%
  [CIFAR-10][Adam] seed=9 ep=03/15  train_loss=0.8049  val_loss=0.7461  val_acc=74.86%
  [CIFAR-10][Adam] seed=9 ep=04/15  train_loss=0.6565  val_loss=0.8174  val_acc=73.60%
  [CIFAR-10][Adam] seed=9 ep=05/15  train_loss=0.5509  val_loss=0.6113  val_acc=79.23%
  [CIFAR-10][Adam] seed=9 ep=06/15  train_loss=0.4794  val_loss=0.5689  val_acc=81.47%
  [CIFAR-10][Adam] seed=9 ep=07/15  train_loss=0.4228  val_loss=0.4398  val_acc=85.04%
  [CIFAR-10][Adam] seed=9 ep=08/15  train_loss=0.3665  val_loss=0.4322  val_acc=85.77%
  [CIFAR-10][Adam] seed=9 ep=09/15  train_loss=0.3187  val_loss=0.3911  val_acc=87.15%
  [CIFAR-10][Adam] seed=9 ep=10/15  train_loss=0.2820  val_loss=0.3776  val_acc=87.60%
  [CIFAR-10][Adam] seed=9 ep=11/15  train_loss=0.2388  val_loss=0.3533  val_acc=88.78%
  [CIFAR-10][Adam] seed=9 ep=12/15  train_loss=0.2055  val_loss=0.3413  val_acc=89.31%
  [CIFAR-10][Adam] seed=9 ep=13/15  train_loss=0.1804  val_loss=0.3297  val_acc=89.90%
  [CIFAR-10][Adam] seed=9 ep=14/15  train_loss=0.1630  val_loss=0.3240  val_acc=89.91%
  [CIFAR-10][Adam] seed=9 ep=15/15  train_loss=0.1544  val_loss=0.3197  val_acc=90.11%
Files already downloaded and verified
Files already downloaded and verified
  [CIFAR-10][AdamW] seed=9 ep=01/15  train_loss=1.4893  val_loss=1.2067  val_acc=56.14%
  [CIFAR-10][AdamW] seed=9 ep=02/15  train_loss=1.0223  val_loss=1.1728  val_acc=61.08%
  [CIFAR-10][AdamW] seed=9 ep=03/15  train_loss=0.8060  val_loss=0.7677  val_acc=73.32%
  [CIFAR-10][AdamW] seed=9 ep=04/15  train_loss=0.6540  val_loss=0.7457  val_acc=75.11%
  [CIFAR-10][AdamW] seed=9 ep=05/15  train_loss=0.5478  val_loss=0.6169  val_acc=79.65%
  [CIFAR-10][AdamW] seed=9 ep=06/15  train_loss=0.4787  val_loss=0.4904  val_acc=83.91%
  [CIFAR-10][AdamW] seed=9 ep=07/15  train_loss=0.4205  val_loss=0.4275  val_acc=85.60%
  [CIFAR-10][AdamW] seed=9 ep=08/15  train_loss=0.3643  val_loss=0.4171  val_acc=86.32%
  [CIFAR-10][AdamW] seed=9 ep=09/15  train_loss=0.3182  val_loss=0.3959  val_acc=87.22%
  [CIFAR-10][AdamW] seed=9 ep=10/15  train_loss=0.2845  val_loss=0.3824  val_acc=87.27%
  [CIFAR-10][AdamW] seed=9 ep=11/15  train_loss=0.2408  val_loss=0.3505  val_acc=89.38%
  [CIFAR-10][AdamW] seed=9 ep=12/15  train_loss=0.2063  val_loss=0.3438  val_acc=89.20%
  [CIFAR-10][AdamW] seed=9 ep=13/15  train_loss=0.1815  val_loss=0.3297  val_acc=89.66%
  [CIFAR-10][AdamW] seed=9 ep=14/15  train_loss=0.1635  val_loss=0.3243  val_acc=90.14%
  [CIFAR-10][AdamW] seed=9 ep=15/15  train_loss=0.1556  val_loss=0.3188  val_acc=90.32%
Files already downloaded and verified
Files already downloaded and verified
  [CIFAR-10][PsiLogic] seed=9 ep=01/15  train_loss=1.4295  val_loss=1.1488  val_acc=59.84%
  [CIFAR-10][PsiLogic] seed=9 ep=02/15  train_loss=0.9512  val_loss=0.8654  val_acc=70.56%
  [CIFAR-10][PsiLogic] seed=9 ep=03/15  train_loss=0.7317  val_loss=0.6528  val_acc=77.50%
  [CIFAR-10][PsiLogic] seed=9 ep=04/15  train_loss=0.6089  val_loss=0.6171  val_acc=79.18%
  [CIFAR-10][PsiLogic] seed=9 ep=05/15  train_loss=0.5247  val_loss=0.5267  val_acc=82.51%
  [CIFAR-10][PsiLogic] seed=9 ep=06/15  train_loss=0.4575  val_loss=0.4930  val_acc=83.40%
  [CIFAR-10][PsiLogic] seed=9 ep=07/15  train_loss=0.4034  val_loss=0.4285  val_acc=85.94%
  [CIFAR-10][PsiLogic] seed=9 ep=08/15  train_loss=0.3513  val_loss=0.4017  val_acc=86.86%
  [CIFAR-10][PsiLogic] seed=9 ep=09/15  train_loss=0.3077  val_loss=0.3902  val_acc=87.50%
  [CIFAR-10][PsiLogic] seed=9 ep=10/15  train_loss=0.2715  val_loss=0.3797  val_acc=87.79%
  [CIFAR-10][PsiLogic] seed=9 ep=11/15  train_loss=0.2324  val_loss=0.3432  val_acc=89.00%
  [CIFAR-10][PsiLogic] seed=9 ep=12/15  train_loss=0.1994  val_loss=0.3355  val_acc=89.59%
  [CIFAR-10][PsiLogic] seed=9 ep=13/15  train_loss=0.1738  val_loss=0.3312  val_acc=89.69%
  [CIFAR-10][PsiLogic] seed=9 ep=14/15  train_loss=0.1577  val_loss=0.3242  val_acc=90.06%
  [CIFAR-10][PsiLogic] seed=9 ep=15/15  train_loss=0.1485  val_loss=0.3213  val_acc=90.25%

✓ Task 1 done in 87.9 min

▶ Starting Task 2: nanoGPT / Tiny Shakespeare


── Seed 0 ─────────────────────────────────
Downloading Tiny Shakespeare... OK
/tmp/ipykernel_2870/2046179170.py:453: FutureWarning: `torch.cuda.amp.GradScaler(args...)` is deprecated. Please use `torch.amp.GradScaler('cuda', args...)` instead.
  scaler = GradScaler(enabled=(DEVICE.type == "cuda"))
/tmp/ipykernel_2870/2046179170.py:470: FutureWarning: `torch.cuda.amp.autocast(args...)` is deprecated. Please use `torch.amp.autocast('cuda', args...)` instead.
  with autocast(enabled=(DEVICE.type == "cuda")):
/tmp/ipykernel_2870/2046179170.py:488: FutureWarning: `torch.cuda.amp.autocast(args...)` is deprecated. Please use `torch.amp.autocast('cuda', args...)` instead.
  with autocast(enabled=(DEVICE.type == "cuda")):
  [nanoGPT][Adam] seed=0  step=0200/2000  train_loss=2.5136  val_loss=2.5031
  [nanoGPT][Adam] seed=0  step=0400/2000  train_loss=2.3419  val_loss=2.3576
  [nanoGPT][Adam] seed=0  step=0600/2000  train_loss=2.2314  val_loss=2.2235
  [nanoGPT][Adam] seed=0  step=0800/2000  train_loss=2.1103  val_loss=2.0935
  [nanoGPT][Adam] seed=0  step=1000/2000  train_loss=2.0098  val_loss=2.0168
  [nanoGPT][Adam] seed=0  step=1200/2000  train_loss=1.9747  val_loss=1.9525
  [nanoGPT][Adam] seed=0  step=1400/2000  train_loss=1.9040  val_loss=1.9243
  [nanoGPT][Adam] seed=0  step=1600/2000  train_loss=1.9043  val_loss=1.9039
  [nanoGPT][Adam] seed=0  step=1800/2000  train_loss=1.9167  val_loss=1.8930
  [nanoGPT][Adam] seed=0  step=2000/2000  train_loss=1.8842  val_loss=1.8907
/tmp/ipykernel_2870/2046179170.py:505: FutureWarning: `torch.cuda.amp.autocast(args...)` is deprecated. Please use `torch.amp.autocast('cuda', args...)` instead.
  with autocast(enabled=(DEVICE.type == "cuda")):
  [nanoGPT][AdamW] seed=0  step=0200/2000  train_loss=2.5137  val_loss=2.5031
  [nanoGPT][AdamW] seed=0  step=0400/2000  train_loss=2.3419  val_loss=2.3576
  [nanoGPT][AdamW] seed=0  step=0600/2000  train_loss=2.2314  val_loss=2.2234
  [nanoGPT][AdamW] seed=0  step=0800/2000  train_loss=2.1103  val_loss=2.0934
  [nanoGPT][AdamW] seed=0  step=1000/2000  train_loss=2.0098  val_loss=2.0167
  [nanoGPT][AdamW] seed=0  step=1200/2000  train_loss=1.9747  val_loss=1.9525
  [nanoGPT][AdamW] seed=0  step=1400/2000  train_loss=1.9040  val_loss=1.9242
  [nanoGPT][AdamW] seed=0  step=1600/2000  train_loss=1.9043  val_loss=1.9039
  [nanoGPT][AdamW] seed=0  step=1800/2000  train_loss=1.9167  val_loss=1.8930
  [nanoGPT][AdamW] seed=0  step=2000/2000  train_loss=1.8842  val_loss=1.8907
  [nanoGPT][PsiLogic] seed=0  step=0200/2000  train_loss=2.5148  val_loss=2.5025
  [nanoGPT][PsiLogic] seed=0  step=0400/2000  train_loss=2.3469  val_loss=2.3672
  [nanoGPT][PsiLogic] seed=0  step=0600/2000  train_loss=2.2351  val_loss=2.2261
  [nanoGPT][PsiLogic] seed=0  step=0800/2000  train_loss=2.1153  val_loss=2.1020
  [nanoGPT][PsiLogic] seed=0  step=1000/2000  train_loss=2.0181  val_loss=2.0248
  [nanoGPT][PsiLogic] seed=0  step=1200/2000  train_loss=1.9829  val_loss=1.9640
  [nanoGPT][PsiLogic] seed=0  step=1400/2000  train_loss=1.9141  val_loss=1.9367
  [nanoGPT][PsiLogic] seed=0  step=1600/2000  train_loss=1.9161  val_loss=1.9145
  [nanoGPT][PsiLogic] seed=0  step=1800/2000  train_loss=1.9276  val_loss=1.9042
  [nanoGPT][PsiLogic] seed=0  step=2000/2000  train_loss=1.8942  val_loss=1.9025

── Seed 1 ─────────────────────────────────
  [nanoGPT][Adam] seed=1  step=0200/2000  train_loss=2.5028  val_loss=2.4975
  [nanoGPT][Adam] seed=1  step=0400/2000  train_loss=2.3413  val_loss=2.3609
  [nanoGPT][Adam] seed=1  step=0600/2000  train_loss=2.2098  val_loss=2.2044
  [nanoGPT][Adam] seed=1  step=0800/2000  train_loss=2.0922  val_loss=2.0905
  [nanoGPT][Adam] seed=1  step=1000/2000  train_loss=2.0812  val_loss=2.0062
  [nanoGPT][Adam] seed=1  step=1200/2000  train_loss=1.9180  val_loss=1.9570
  [nanoGPT][Adam] seed=1  step=1400/2000  train_loss=1.9043  val_loss=1.9215
  [nanoGPT][Adam] seed=1  step=1600/2000  train_loss=1.8869  val_loss=1.8904
  [nanoGPT][Adam] seed=1  step=1800/2000  train_loss=1.8898  val_loss=1.8874
  [nanoGPT][Adam] seed=1  step=2000/2000  train_loss=1.9094  val_loss=1.8851
  [nanoGPT][AdamW] seed=1  step=0200/2000  train_loss=2.5028  val_loss=2.4975
  [nanoGPT][AdamW] seed=1  step=0400/2000  train_loss=2.3414  val_loss=2.3609
  [nanoGPT][AdamW] seed=1  step=0600/2000  train_loss=2.2098  val_loss=2.2044
  [nanoGPT][AdamW] seed=1  step=0800/2000  train_loss=2.0921  val_loss=2.0904
  [nanoGPT][AdamW] seed=1  step=1000/2000  train_loss=2.0812  val_loss=2.0061
  [nanoGPT][AdamW] seed=1  step=1200/2000  train_loss=1.9180  val_loss=1.9570
  [nanoGPT][AdamW] seed=1  step=1400/2000  train_loss=1.9043  val_loss=1.9214
  [nanoGPT][AdamW] seed=1  step=1600/2000  train_loss=1.8868  val_loss=1.8904
  [nanoGPT][AdamW] seed=1  step=1800/2000  train_loss=1.8898  val_loss=1.8874
  [nanoGPT][AdamW] seed=1  step=2000/2000  train_loss=1.9095  val_loss=1.8851
  [nanoGPT][PsiLogic] seed=1  step=0200/2000  train_loss=2.5038  val_loss=2.4961
  [nanoGPT][PsiLogic] seed=1  step=0400/2000  train_loss=2.3448  val_loss=2.3632
  [nanoGPT][PsiLogic] seed=1  step=0600/2000  train_loss=2.2176  val_loss=2.2123
  [nanoGPT][PsiLogic] seed=1  step=0800/2000  train_loss=2.0999  val_loss=2.0992
  [nanoGPT][PsiLogic] seed=1  step=1000/2000  train_loss=2.0885  val_loss=2.0116
  [nanoGPT][PsiLogic] seed=1  step=1200/2000  train_loss=1.9223  val_loss=1.9626
  [nanoGPT][PsiLogic] seed=1  step=1400/2000  train_loss=1.9086  val_loss=1.9252
  [nanoGPT][PsiLogic] seed=1  step=1600/2000  train_loss=1.8914  val_loss=1.8956
  [nanoGPT][PsiLogic] seed=1  step=1800/2000  train_loss=1.8948  val_loss=1.8918
  [nanoGPT][PsiLogic] seed=1  step=2000/2000  train_loss=1.9143  val_loss=1.8898

── Seed 2 ─────────────────────────────────
  [nanoGPT][Adam] seed=2  step=0200/2000  train_loss=2.5046  val_loss=2.4940
  [nanoGPT][Adam] seed=2  step=0400/2000  train_loss=2.3559  val_loss=2.3514
  [nanoGPT][Adam] seed=2  step=0600/2000  train_loss=2.1604  val_loss=2.1874
  [nanoGPT][Adam] seed=2  step=0800/2000  train_loss=2.0875  val_loss=2.0633
  [nanoGPT][Adam] seed=2  step=1000/2000  train_loss=1.9776  val_loss=1.9834
  [nanoGPT][Adam] seed=2  step=1200/2000  train_loss=1.9375  val_loss=1.9284
  [nanoGPT][Adam] seed=2  step=1400/2000  train_loss=1.9007  val_loss=1.9002
  [nanoGPT][Adam] seed=2  step=1600/2000  train_loss=1.8829  val_loss=1.8855
  [nanoGPT][Adam] seed=2  step=1800/2000  train_loss=1.8511  val_loss=1.8748
  [nanoGPT][Adam] seed=2  step=2000/2000  train_loss=1.8581  val_loss=1.8741
  [nanoGPT][AdamW] seed=2  step=0200/2000  train_loss=2.5046  val_loss=2.4940
  [nanoGPT][AdamW] seed=2  step=0400/2000  train_loss=2.3559  val_loss=2.3514
  [nanoGPT][AdamW] seed=2  step=0600/2000  train_loss=2.1606  val_loss=2.1872
  [nanoGPT][AdamW] seed=2  step=0800/2000  train_loss=2.0875  val_loss=2.0633
  [nanoGPT][AdamW] seed=2  step=1000/2000  train_loss=1.9777  val_loss=1.9834
  [nanoGPT][AdamW] seed=2  step=1200/2000  train_loss=1.9375  val_loss=1.9284
  [nanoGPT][AdamW] seed=2  step=1400/2000  train_loss=1.9007  val_loss=1.9002
  [nanoGPT][AdamW] seed=2  step=1600/2000  train_loss=1.8830  val_loss=1.8856
  [nanoGPT][AdamW] seed=2  step=1800/2000  train_loss=1.8511  val_loss=1.8748
  [nanoGPT][AdamW] seed=2  step=2000/2000  train_loss=1.8582  val_loss=1.8742
  [nanoGPT][PsiLogic] seed=2  step=0200/2000  train_loss=2.5055  val_loss=2.4956
  [nanoGPT][PsiLogic] seed=2  step=0400/2000  train_loss=2.3581  val_loss=2.3587
  [nanoGPT][PsiLogic] seed=2  step=0600/2000  train_loss=2.1703  val_loss=2.1993
  [nanoGPT][PsiLogic] seed=2  step=0800/2000  train_loss=2.1005  val_loss=2.0803
  [nanoGPT][PsiLogic] seed=2  step=1000/2000  train_loss=1.9906  val_loss=1.9964
  [nanoGPT][PsiLogic] seed=2  step=1200/2000  train_loss=1.9482  val_loss=1.9416
  [nanoGPT][PsiLogic] seed=2  step=1400/2000  train_loss=1.9092  val_loss=1.9166
  [nanoGPT][PsiLogic] seed=2  step=1600/2000  train_loss=1.8904  val_loss=1.9027
  [nanoGPT][PsiLogic] seed=2  step=1800/2000  train_loss=1.8618  val_loss=1.8914
  [nanoGPT][PsiLogic] seed=2  step=2000/2000  train_loss=1.8713  val_loss=1.8905

── Seed 3 ─────────────────────────────────
  [nanoGPT][Adam] seed=3  step=0200/2000  train_loss=2.5056  val_loss=2.5090
  [nanoGPT][Adam] seed=3  step=0400/2000  train_loss=2.3595  val_loss=2.3710
  [nanoGPT][Adam] seed=3  step=0600/2000  train_loss=2.2744  val_loss=2.2226
  [nanoGPT][Adam] seed=3  step=0800/2000  train_loss=2.1046  val_loss=2.0962
  [nanoGPT][Adam] seed=3  step=1000/2000  train_loss=2.0198  val_loss=2.0222
  [nanoGPT][Adam] seed=3  step=1200/2000  train_loss=1.9797  val_loss=1.9660
  [nanoGPT][Adam] seed=3  step=1400/2000  train_loss=1.9368  val_loss=1.9307
  [nanoGPT][Adam] seed=3  step=1600/2000  train_loss=1.9019  val_loss=1.9123
  [nanoGPT][Adam] seed=3  step=1800/2000  train_loss=1.8750  val_loss=1.9014
  [nanoGPT][Adam] seed=3  step=2000/2000  train_loss=1.8699  val_loss=1.9001
  [nanoGPT][AdamW] seed=3  step=0200/2000  train_loss=2.5056  val_loss=2.5090
  [nanoGPT][AdamW] seed=3  step=0400/2000  train_loss=2.3596  val_loss=2.3710
  [nanoGPT][AdamW] seed=3  step=0600/2000  train_loss=2.2744  val_loss=2.2226
  [nanoGPT][AdamW] seed=3  step=0800/2000  train_loss=2.1046  val_loss=2.0962
  [nanoGPT][AdamW] seed=3  step=1000/2000  train_loss=2.0198  val_loss=2.0222
  [nanoGPT][AdamW] seed=3  step=1200/2000  train_loss=1.9797  val_loss=1.9660
  [nanoGPT][AdamW] seed=3  step=1400/2000  train_loss=1.9368  val_loss=1.9307
  [nanoGPT][AdamW] seed=3  step=1600/2000  train_loss=1.9019  val_loss=1.9123
  [nanoGPT][AdamW] seed=3  step=1800/2000  train_loss=1.8750  val_loss=1.9014
  [nanoGPT][AdamW] seed=3  step=2000/2000  train_loss=1.8699  val_loss=1.9001
  [nanoGPT][PsiLogic] seed=3  step=0200/2000  train_loss=2.5060  val_loss=2.5106
  [nanoGPT][PsiLogic] seed=3  step=0400/2000  train_loss=2.3636  val_loss=2.3770
  [nanoGPT][PsiLogic] seed=3  step=0600/2000  train_loss=2.2821  val_loss=2.2266
  [nanoGPT][PsiLogic] seed=3  step=0800/2000  train_loss=2.1090  val_loss=2.1060
  [nanoGPT][PsiLogic] seed=3  step=1000/2000  train_loss=2.0255  val_loss=2.0308
  [nanoGPT][PsiLogic] seed=3  step=1200/2000  train_loss=1.9827  val_loss=1.9725
  [nanoGPT][PsiLogic] seed=3  step=1400/2000  train_loss=1.9411  val_loss=1.9364
  [nanoGPT][PsiLogic] seed=3  step=1600/2000  train_loss=1.9063  val_loss=1.9176
  [nanoGPT][PsiLogic] seed=3  step=1800/2000  train_loss=1.8816  val_loss=1.9074
  [nanoGPT][PsiLogic] seed=3  step=2000/2000  train_loss=1.8720  val_loss=1.9058

── Seed 4 ─────────────────────────────────
  [nanoGPT][Adam] seed=4  step=0200/2000  train_loss=2.4853  val_loss=2.5120
  [nanoGPT][Adam] seed=4  step=0400/2000  train_loss=2.3605  val_loss=2.3596
  [nanoGPT][Adam] seed=4  step=0600/2000  train_loss=2.2377  val_loss=2.2112
  [nanoGPT][Adam] seed=4  step=0800/2000  train_loss=2.0993  val_loss=2.0939
  [nanoGPT][Adam] seed=4  step=1000/2000  train_loss=2.0345  val_loss=2.0113
  [nanoGPT][Adam] seed=4  step=1200/2000  train_loss=1.9728  val_loss=1.9559
  [nanoGPT][Adam] seed=4  step=1400/2000  train_loss=1.9336  val_loss=1.9233
  [nanoGPT][Adam] seed=4  step=1600/2000  train_loss=1.9057  val_loss=1.8995
  [nanoGPT][Adam] seed=4  step=1800/2000  train_loss=1.8967  val_loss=1.8870
  [nanoGPT][Adam] seed=4  step=2000/2000  train_loss=1.8921  val_loss=1.8876
  [nanoGPT][AdamW] seed=4  step=0200/2000  train_loss=2.4853  val_loss=2.5120
  [nanoGPT][AdamW] seed=4  step=0400/2000  train_loss=2.3605  val_loss=2.3596
  [nanoGPT][AdamW] seed=4  step=0600/2000  train_loss=2.2378  val_loss=2.2114
  [nanoGPT][AdamW] seed=4  step=0800/2000  train_loss=2.0992  val_loss=2.0938
  [nanoGPT][AdamW] seed=4  step=1000/2000  train_loss=2.0344  val_loss=2.0113
  [nanoGPT][AdamW] seed=4  step=1200/2000  train_loss=1.9728  val_loss=1.9558
  [nanoGPT][AdamW] seed=4  step=1400/2000  train_loss=1.9336  val_loss=1.9233
  [nanoGPT][AdamW] seed=4  step=1600/2000  train_loss=1.9057  val_loss=1.8995
  [nanoGPT][AdamW] seed=4  step=1800/2000  train_loss=1.8966  val_loss=1.8870
  [nanoGPT][AdamW] seed=4  step=2000/2000  train_loss=1.8921  val_loss=1.8876
  [nanoGPT][PsiLogic] seed=4  step=0200/2000  train_loss=2.4858  val_loss=2.5117
  [nanoGPT][PsiLogic] seed=4  step=0400/2000  train_loss=2.3615  val_loss=2.3616
  [nanoGPT][PsiLogic] seed=4  step=0600/2000  train_loss=2.2451  val_loss=2.2189
  [nanoGPT][PsiLogic] seed=4  step=0800/2000  train_loss=2.1102  val_loss=2.1061
  [nanoGPT][PsiLogic] seed=4  step=1000/2000  train_loss=2.0432  val_loss=2.0210
  [nanoGPT][PsiLogic] seed=4  step=1200/2000  train_loss=1.9817  val_loss=1.9654
  [nanoGPT][PsiLogic] seed=4  step=1400/2000  train_loss=1.9399  val_loss=1.9349
  [nanoGPT][PsiLogic] seed=4  step=1600/2000  train_loss=1.9136  val_loss=1.9097
  [nanoGPT][PsiLogic] seed=4  step=1800/2000  train_loss=1.9035  val_loss=1.8968
  [nanoGPT][PsiLogic] seed=4  step=2000/2000  train_loss=1.9006  val_loss=1.8979

✓ Task 2 done in 11.7 min



══════════════════════════════════════════════════════════════════════════════════════════
  BENCHMARK RESULTS  ·  Mean ± Std across seeds
══════════════════════════════════════════════════════════════════════════════════════════

                              TASK 1 — CIFAR-10 (ResNet-18)                             
                                   15 epochs · 10 seeds                                 
  ──────────────────────────────────────────────────────────────────────────────────────────
  Optimizer              Train Loss             Val Loss            Val Acc (%)
  ──────────────────────────────────────────────────────────────────────────────────────────
  Adam              0.1459 ± 0.0077      0.3158 ± 0.0079       90.3410 ± 0.3531
  AdamW             0.1466 ± 0.0058      0.3167 ± 0.0077       90.2990 ± 0.1974
  PsiLogic          0.1432 ± 0.0055      0.3187 ± 0.0085       90.4140 ± 0.2487
  ──────────────────────────────────────────────────────────────────────────────────────────

                     TASK 2 — nanoGPT / Tiny Shakespeare (char-level)                   
                                   2000 steps · 5 seeds                                 
  ──────────────────────────────────────────────────────────────────────────────────────────
  Optimizer              Train Loss             Val Loss
  ──────────────────────────────────────────────────────────────────────────────────────────
  Adam              1.8828 ± 0.0177      1.8482 ± 0.0053
  AdamW             1.8828 ± 0.0177      1.8482 ± 0.0053
  PsiLogic          1.8905 ± 0.0167      1.8564 ± 0.0040
  ──────────────────────────────────────────────────────────────────────────────────────────
══════════════════════════════════════════════════════════════════════════════════════════

  Total wall time: 99.6 min
